<?xml version="1.0" encoding="UTF-8"?>
<testsuite name="snrproj.obie.sprinttest2.SprintTest2ApplicationTests" tests="1" skipped="0" failures="0" errors="0" timestamp="2024-10-21T20:58:22" hostname="OBIE" time="1.326">
  <properties/>
  <testcase name="contextLoads()" classname="snrproj.obie.sprinttest2.SprintTest2ApplicationTests" time="1.326"/>
  <system-out><![CDATA[16:58:19.050 [Test worker] INFO org.springframework.test.context.support.AnnotationConfigContextLoaderUtils -- Could not detect default configuration classes for test class [snrproj.obie.sprinttest2.SprintTest2ApplicationTests]: SprintTest2ApplicationTests does not declare any static, non-private, non-final, nested classes annotated with @Configuration.
16:58:19.188 [Test worker] INFO org.springframework.boot.test.context.SpringBootTestContextBootstrapper -- Found @SpringBootConfiguration snrproj.obie.sprinttest2.SprintTest2Application for test class snrproj.obie.sprinttest2.SprintTest2ApplicationTests

  .   ____          _            __ _ _
 /\\ / ___'_ __ _ _(_)_ __  __ _ \ \ \ \
( ( )\___ | '_ | '_| | '_ \/ _` | \ \ \ \
 \\/  ___)| |_)| | | | | || (_| |  ) ) ) )
  '  |____| .__|_| |_|_| |_\__, | / / / /
 =========|_|==============|___/=/_/_/_/

 :: Spring Boot ::                (v3.3.4)

2024-10-21T16:58:19.792-04:00  INFO 28736 --- [SprintTest2] [    Test worker] s.o.s.SprintTest2ApplicationTests        : Starting SprintTest2ApplicationTests using Java 21.0.2 with PID 28736 (started by ezeob in C:\Users\ezeob\IdeaProjects\SprintTest2)
2024-10-21T16:58:19.795-04:00  INFO 28736 --- [SprintTest2] [    Test worker] s.o.s.SprintTest2ApplicationTests        : No active profile set, falling back to 1 default profile: "default"
2024-10-21T16:58:20.677-04:00  INFO 28736 --- [SprintTest2] [    Test worker] .s.d.r.c.RepositoryConfigurationDelegate : Bootstrapping Spring Data MongoDB repositories in DEFAULT mode.
2024-10-21T16:58:20.712-04:00  INFO 28736 --- [SprintTest2] [    Test worker] .s.d.r.c.RepositoryConfigurationDelegate : Finished Spring Data repository scanning in 25 ms. Found 0 MongoDB repository interfaces.
2024-10-21T16:58:22.212-04:00  INFO 28736 --- [SprintTest2] [wa0.mongodb.net] org.mongodb.driver.cluster               : Adding discovered server bookstorage-shard-00-00.gowa0.mongodb.net:27017 to client view of cluster
2024-10-21T16:58:22.235-04:00  INFO 28736 --- [SprintTest2] [    Test worker] org.mongodb.driver.client                : MongoClient with metadata {"driver": {"name": "mongo-java-driver|sync|spring-boot", "version": "5.0.1"}, "os": {"type": "Windows", "name": "Windows 11", "architecture": "amd64", "version": "10.0"}, "platform": "Java/Oracle Corporation/21.0.2+13-58"} created with settings MongoClientSettings{readPreference=primary, writeConcern=WriteConcern{w=majority, wTimeout=null ms, journal=null}, retryWrites=true, retryReads=true, readConcern=ReadConcern{level=null}, credential=MongoCredential{mechanism=null, userName='ezeobiebube6', source='admin', password=<hidden>, mechanismProperties=<hidden>}, transportSettings=null, commandListeners=[], codecRegistry=ProvidersCodecRegistry{codecProviders=[ValueCodecProvider{}, BsonValueCodecProvider{}, DBRefCodecProvider{}, DBObjectCodecProvider{}, DocumentCodecProvider{}, CollectionCodecProvider{}, IterableCodecProvider{}, MapCodecProvider{}, GeoJsonCodecProvider{}, GridFSFileCodecProvider{}, Jsr310CodecProvider{}, JsonObjectCodecProvider{}, BsonCodecProvider{}, EnumCodecProvider{}, com.mongodb.client.model.mql.ExpressionCodecProvider@5e193ef5, com.mongodb.Jep395RecordCodecProvider@106c988, com.mongodb.KotlinCodecProvider@21274afe]}, loggerSettings=LoggerSettings{maxDocumentLength=1000}, clusterSettings={hosts=[127.0.0.1:27017], srvHost=bookstorage.gowa0.mongodb.net, srvServiceName=mongodb, mode=MULTIPLE, requiredClusterType=REPLICA_SET, requiredReplicaSetName='atlas-a2jb61-shard-0', serverSelector='null', clusterListeners='[]', serverSelectionTimeout='30000 ms', localThreshold='15 ms'}, socketSettings=SocketSettings{connectTimeoutMS=10000, readTimeoutMS=0, receiveBufferSize=0, proxySettings=ProxySettings{host=null, port=null, username=null, password=null}}, heartbeatSocketSettings=SocketSettings{connectTimeoutMS=10000, readTimeoutMS=10000, receiveBufferSize=0, proxySettings=ProxySettings{host=null, port=null, username=null, password=null}}, connectionPoolSettings=ConnectionPoolSettings{maxSize=100, minSize=0, maxWaitTimeMS=120000, maxConnectionLifeTimeMS=0, maxConnectionIdleTimeMS=0, maintenanceInitialDelayMS=0, maintenanceFrequencyMS=60000, connectionPoolListeners=[], maxConnecting=2}, serverSettings=ServerSettings{heartbeatFrequencyMS=10000, minHeartbeatFrequencyMS=500, serverListeners='[]', serverMonitorListeners='[]'}, sslSettings=SslSettings{enabled=true, invalidHostNameAllowed=false, context=null}, applicationName='null', compressorList=[], uuidRepresentation=JAVA_LEGACY, serverApi=null, autoEncryptionSettings=null, dnsClient=null, inetAddressResolver=null, contextProvider=null}
2024-10-21T16:58:22.268-04:00  INFO 28736 --- [SprintTest2] [wa0.mongodb.net] org.mongodb.driver.cluster               : Adding discovered server bookstorage-shard-00-02.gowa0.mongodb.net:27017 to client view of cluster
2024-10-21T16:58:22.272-04:00  INFO 28736 --- [SprintTest2] [wa0.mongodb.net] org.mongodb.driver.cluster               : Adding discovered server bookstorage-shard-00-01.gowa0.mongodb.net:27017 to client view of cluster
2024-10-21T16:58:22.912-04:00  INFO 28736 --- [SprintTest2] [    Test worker] s.o.s.SprintTest2ApplicationTests        : Started SprintTest2ApplicationTests in 3.471 seconds (process running for 5.275)
2024-10-21T16:58:23.574-04:00  INFO 28736 --- [SprintTest2] [ngodb.net:27017] org.mongodb.driver.cluster               : Monitor thread successfully connected to server with description ServerDescription{address=bookstorage-shard-00-01.gowa0.mongodb.net:27017, type=REPLICA_SET_PRIMARY, state=CONNECTED, ok=true, minWireVersion=0, maxWireVersion=21, maxDocumentSize=16777216, logicalSessionTimeoutMinutes=30, roundTripTimeNanos=655342400, setName='atlas-a2jb61-shard-0', canonicalAddress=bookstorage-shard-00-01.gowa0.mongodb.net:27017, hosts=[bookstorage-shard-00-02.gowa0.mongodb.net:27017, bookstorage-shard-00-01.gowa0.mongodb.net:27017, bookstorage-shard-00-00.gowa0.mongodb.net:27017], passives=[], arbiters=[], primary='bookstorage-shard-00-01.gowa0.mongodb.net:27017', tagSet=TagSet{[Tag{name='availabilityZone', value='use1-az6'}, Tag{name='diskState', value='READY'}, Tag{name='nodeType', value='ELECTABLE'}, Tag{name='provider', value='AWS'}, Tag{name='region', value='US_EAST_1'}, Tag{name='workloadType', value='OPERATIONAL'}]}, electionId=7fffffff0000000000000190, setVersion=165, topologyVersion=TopologyVersion{processId=6716703a141d6e717073daff, counter=9}, lastWriteDate=Mon Oct 21 16:58:32 EDT 2024, lastUpdateTimeNanos=22359653446700}
2024-10-21T16:58:23.574-04:00  INFO 28736 --- [SprintTest2] [ngodb.net:27017] org.mongodb.driver.cluster               : Monitor thread successfully connected to server with description ServerDescription{address=bookstorage-shard-00-02.gowa0.mongodb.net:27017, type=REPLICA_SET_SECONDARY, state=CONNECTED, ok=true, minWireVersion=0, maxWireVersion=21, maxDocumentSize=16777216, logicalSessionTimeoutMinutes=30, roundTripTimeNanos=655307500, setName='atlas-a2jb61-shard-0', canonicalAddress=bookstorage-shard-00-02.gowa0.mongodb.net:27017, hosts=[bookstorage-shard-00-02.gowa0.mongodb.net:27017, bookstorage-shard-00-01.gowa0.mongodb.net:27017, bookstorage-shard-00-00.gowa0.mongodb.net:27017], passives=[], arbiters=[], primary='bookstorage-shard-00-01.gowa0.mongodb.net:27017', tagSet=TagSet{[Tag{name='availabilityZone', value='use1-az1'}, Tag{name='diskState', value='READY'}, Tag{name='nodeType', value='ELECTABLE'}, Tag{name='provider', value='AWS'}, Tag{name='region', value='US_EAST_1'}, Tag{name='workloadType', value='OPERATIONAL'}]}, electionId=null, setVersion=165, topologyVersion=TopologyVersion{processId=6716734b293ec0b49b268217, counter=5}, lastWriteDate=Mon Oct 21 16:58:32 EDT 2024, lastUpdateTimeNanos=22359653446800}
2024-10-21T16:58:23.574-04:00  INFO 28736 --- [SprintTest2] [ngodb.net:27017] org.mongodb.driver.cluster               : Monitor thread successfully connected to server with description ServerDescription{address=bookstorage-shard-00-00.gowa0.mongodb.net:27017, type=REPLICA_SET_SECONDARY, state=CONNECTED, ok=true, minWireVersion=0, maxWireVersion=21, maxDocumentSize=16777216, logicalSessionTimeoutMinutes=30, roundTripTimeNanos=655339700, setName='atlas-a2jb61-shard-0', canonicalAddress=bookstorage-shard-00-00.gowa0.mongodb.net:27017, hosts=[bookstorage-shard-00-02.gowa0.mongodb.net:27017, bookstorage-shard-00-01.gowa0.mongodb.net:27017, bookstorage-shard-00-00.gowa0.mongodb.net:27017], passives=[], arbiters=[], primary='bookstorage-shard-00-01.gowa0.mongodb.net:27017', tagSet=TagSet{[Tag{name='availabilityZone', value='use1-az4'}, Tag{name='diskState', value='READY'}, Tag{name='nodeType', value='ELECTABLE'}, Tag{name='provider', value='AWS'}, Tag{name='region', value='US_EAST_1'}, Tag{name='workloadType', value='OPERATIONAL'}]}, electionId=null, setVersion=165, topologyVersion=TopologyVersion{processId=671671579c533741154441f2, counter=5}, lastWriteDate=Mon Oct 21 16:58:32 EDT 2024, lastUpdateTimeNanos=22359653446100}
2024-10-21T16:58:23.581-04:00  INFO 28736 --- [SprintTest2] [ngodb.net:27017] org.mongodb.driver.cluster               : Discovered replica set primary bookstorage-shard-00-01.gowa0.mongodb.net:27017 with max election id 7fffffff0000000000000190 and max set version 165
]]></system-out>
  <system-err><![CDATA[WARNING: A Java agent has been loaded dynamically (C:\Users\ezeob\.gradle\caches\modules-2\files-2.1\net.bytebuddy\byte-buddy-agent\1.14.19\154da3a65b4f4a909d3e5bdec55d1b2b4cbb6ce1\byte-buddy-agent-1.14.19.jar)
WARNING: If a serviceability tool is in use, please run with -XX:+EnableDynamicAgentLoading to hide this warning
WARNING: If a serviceability tool is not in use, please run with -Djdk.instrument.traceUsage for more information
WARNING: Dynamic loading of agents will be disallowed by default in a future release
]]></system-err>
</testsuite>
